CRITICAL - 2022-07-05 10:14:52 --> Call to undefined method CodeIgniter\Database\MySQLi\Connection::select()
in APPPATH\Models\DatabarangModel.php on line 18.
 1 APPPATH\Controllers\DataBarang.php(19): App\Models\DatabarangModel->kodebarang()
 2 SYSTEMPATH\CodeIgniter.php(896): App\Controllers\DataBarang->index()
 3 SYSTEMPATH\CodeIgniter.php(466): CodeIgniter\CodeIgniter->runController(Object(App\Controllers\DataBarang))
 4 SYSTEMPATH\CodeIgniter.php(349): CodeIgniter\CodeIgniter->handleRequest(null, Object(Config\Cache), false)
 5 FCPATH\index.php(55): CodeIgniter\CodeIgniter->run()
 6 SYSTEMPATH\Commands\Server\rewrite.php(43): require_once('FCPATH\\index.php')
CRITICAL - 2022-07-05 10:15:30 --> syntax error, unexpected '$this' (T_VARIABLE)
in APPPATH\Models\DatabarangModel.php on line 18.
 1 SYSTEMPATH\Autoloader\Autoloader.php(261): CodeIgniter\Autoloader\Autoloader->includeFile('APPPATH\\Models\\DatabarangModel.php')
 2 SYSTEMPATH\Autoloader\Autoloader.php(239): CodeIgniter\Autoloader\Autoloader->loadInNamespace('App\\Models\\DatabarangModel')
 3 [internal function]: CodeIgniter\Autoloader\Autoloader->loadClass('App\\Models\\DatabarangModel')
 4 APPPATH\Controllers\DataBarang.php(13): spl_autoload_call('App\\Models\\DatabarangModel')
 5 SYSTEMPATH\CodeIgniter.php(858): App\Controllers\DataBarang->__construct()
 6 SYSTEMPATH\CodeIgniter.php(457): CodeIgniter\CodeIgniter->createController()
 7 SYSTEMPATH\CodeIgniter.php(349): CodeIgniter\CodeIgniter->handleRequest(null, Object(Config\Cache), false)
 8 FCPATH\index.php(55): CodeIgniter\CodeIgniter->run()
 9 SYSTEMPATH\Commands\Server\rewrite.php(43): require_once('FCPATH\\index.php')
CRITICAL - 2022-07-05 10:16:55 --> syntax error, unexpected '$this' (T_VARIABLE)
in APPPATH\Models\DatabarangModel.php on line 18.
 1 SYSTEMPATH\Autoloader\Autoloader.php(261): CodeIgniter\Autoloader\Autoloader->includeFile('APPPATH\\Models\\DatabarangModel.php')
 2 SYSTEMPATH\Autoloader\Autoloader.php(239): CodeIgniter\Autoloader\Autoloader->loadInNamespace('App\\Models\\DatabarangModel')
 3 [internal function]: CodeIgniter\Autoloader\Autoloader->loadClass('App\\Models\\DatabarangModel')
 4 APPPATH\Controllers\DataBarang.php(13): spl_autoload_call('App\\Models\\DatabarangModel')
 5 SYSTEMPATH\CodeIgniter.php(858): App\Controllers\DataBarang->__construct()
 6 SYSTEMPATH\CodeIgniter.php(457): CodeIgniter\CodeIgniter->createController()
 7 SYSTEMPATH\CodeIgniter.php(349): CodeIgniter\CodeIgniter->handleRequest(null, Object(Config\Cache), false)
 8 FCPATH\index.php(55): CodeIgniter\CodeIgniter->run()
 9 SYSTEMPATH\Commands\Server\rewrite.php(43): require_once('FCPATH\\index.php')
CRITICAL - 2022-07-05 10:39:58 --> Undefined index: kode_barang
in APPPATH\Models\DatabarangModel.php on line 22.
 1 APPPATH\Models\DatabarangModel.php(22): CodeIgniter\Debug\Exceptions->errorHandler(8, 'Undefined index: kode_barang', 'APPPATH\\Models\\DatabarangModel.php', 22, [...])
 2 APPPATH\Controllers\DataBarang.php(19): App\Models\DatabarangModel->kodebarang()
 3 SYSTEMPATH\CodeIgniter.php(896): App\Controllers\DataBarang->index()
 4 SYSTEMPATH\CodeIgniter.php(466): CodeIgniter\CodeIgniter->runController(Object(App\Controllers\DataBarang))
 5 SYSTEMPATH\CodeIgniter.php(349): CodeIgniter\CodeIgniter->handleRequest(null, Object(Config\Cache), false)
 6 FCPATH\index.php(55): CodeIgniter\CodeIgniter->run()
 7 SYSTEMPATH\Commands\Server\rewrite.php(43): require_once('FCPATH\\index.php')
CRITICAL - 2022-07-05 10:40:12 --> Undefined index: kode_barang
in APPPATH\Models\DatabarangModel.php on line 22.
 1 APPPATH\Models\DatabarangModel.php(22): CodeIgniter\Debug\Exceptions->errorHandler(8, 'Undefined index: kode_barang', 'APPPATH\\Models\\DatabarangModel.php', 22, [...])
 2 APPPATH\Controllers\DataBarang.php(19): App\Models\DatabarangModel->kodebarang()
 3 SYSTEMPATH\CodeIgniter.php(896): App\Controllers\DataBarang->index()
 4 SYSTEMPATH\CodeIgniter.php(466): CodeIgniter\CodeIgniter->runController(Object(App\Controllers\DataBarang))
 5 SYSTEMPATH\CodeIgniter.php(349): CodeIgniter\CodeIgniter->handleRequest(null, Object(Config\Cache), false)
 6 FCPATH\index.php(55): CodeIgniter\CodeIgniter->run()
 7 SYSTEMPATH\Commands\Server\rewrite.php(43): require_once('FCPATH\\index.php')
CRITICAL - 2022-07-05 10:41:26 --> Undefined index: kode_barang
in APPPATH\Models\DatabarangModel.php on line 22.
 1 APPPATH\Models\DatabarangModel.php(22): CodeIgniter\Debug\Exceptions->errorHandler(8, 'Undefined index: kode_barang', 'APPPATH\\Models\\DatabarangModel.php', 22, [...])
 2 APPPATH\Controllers\DataBarang.php(19): App\Models\DatabarangModel->kodebarang()
 3 SYSTEMPATH\CodeIgniter.php(896): App\Controllers\DataBarang->index()
 4 SYSTEMPATH\CodeIgniter.php(466): CodeIgniter\CodeIgniter->runController(Object(App\Controllers\DataBarang))
 5 SYSTEMPATH\CodeIgniter.php(349): CodeIgniter\CodeIgniter->handleRequest(null, Object(Config\Cache), false)
 6 FCPATH\index.php(55): CodeIgniter\CodeIgniter->run()
 7 SYSTEMPATH\Commands\Server\rewrite.php(43): require_once('FCPATH\\index.php')
CRITICAL - 2022-07-05 10:49:42 --> Trying to access array offset on value of type null
in APPPATH\Models\DatabarangModel.php on line 22.
 1 APPPATH\Models\DatabarangModel.php(22): CodeIgniter\Debug\Exceptions->errorHandler(8, 'Trying to access array offset on value of type null', 'APPPATH\\Models\\DatabarangModel.php', 22, [...])
 2 APPPATH\Controllers\DataBarang.php(25): App\Models\DatabarangModel->kodebarang()
 3 SYSTEMPATH\CodeIgniter.php(896): App\Controllers\DataBarang->index()
 4 SYSTEMPATH\CodeIgniter.php(466): CodeIgniter\CodeIgniter->runController(Object(App\Controllers\DataBarang))
 5 SYSTEMPATH\CodeIgniter.php(349): CodeIgniter\CodeIgniter->handleRequest(null, Object(Config\Cache), false)
 6 FCPATH\index.php(55): CodeIgniter\CodeIgniter->run()
 7 SYSTEMPATH\Commands\Server\rewrite.php(43): require_once('FCPATH\\index.php')
CRITICAL - 2022-07-05 10:49:52 --> Trying to access array offset on value of type null
in APPPATH\Models\DatabarangModel.php on line 22.
 1 APPPATH\Models\DatabarangModel.php(22): CodeIgniter\Debug\Exceptions->errorHandler(8, 'Trying to access array offset on value of type null', 'APPPATH\\Models\\DatabarangModel.php', 22, [...])
 2 APPPATH\Controllers\DataBarang.php(25): App\Models\DatabarangModel->kodebarang()
 3 SYSTEMPATH\CodeIgniter.php(896): App\Controllers\DataBarang->index()
 4 SYSTEMPATH\CodeIgniter.php(466): CodeIgniter\CodeIgniter->runController(Object(App\Controllers\DataBarang))
 5 SYSTEMPATH\CodeIgniter.php(349): CodeIgniter\CodeIgniter->handleRequest(null, Object(Config\Cache), false)
 6 FCPATH\index.php(55): CodeIgniter\CodeIgniter->run()
 7 SYSTEMPATH\Commands\Server\rewrite.php(43): require_once('FCPATH\\index.php')
CRITICAL - 2022-07-05 10:50:49 --> Trying to access array offset on value of type null
in APPPATH\Models\DatabarangModel.php on line 22.
 1 APPPATH\Models\DatabarangModel.php(22): CodeIgniter\Debug\Exceptions->errorHandler(8, 'Trying to access array offset on value of type null', 'APPPATH\\Models\\DatabarangModel.php', 22, [...])
 2 APPPATH\Controllers\DataBarang.php(25): App\Models\DatabarangModel->kodebarang()
 3 SYSTEMPATH\CodeIgniter.php(896): App\Controllers\DataBarang->index()
 4 SYSTEMPATH\CodeIgniter.php(466): CodeIgniter\CodeIgniter->runController(Object(App\Controllers\DataBarang))
 5 SYSTEMPATH\CodeIgniter.php(349): CodeIgniter\CodeIgniter->handleRequest(null, Object(Config\Cache), false)
 6 FCPATH\index.php(55): CodeIgniter\CodeIgniter->run()
 7 SYSTEMPATH\Commands\Server\rewrite.php(43): require_once('FCPATH\\index.php')
CRITICAL - 2022-07-05 10:51:13 --> Trying to access array offset on value of type null
in APPPATH\Models\DatabarangModel.php on line 22.
 1 APPPATH\Models\DatabarangModel.php(22): CodeIgniter\Debug\Exceptions->errorHandler(8, 'Trying to access array offset on value of type null', 'APPPATH\\Models\\DatabarangModel.php', 22, [...])
 2 APPPATH\Controllers\DataBarang.php(25): App\Models\DatabarangModel->kodebarang()
 3 SYSTEMPATH\CodeIgniter.php(896): App\Controllers\DataBarang->index()
 4 SYSTEMPATH\CodeIgniter.php(466): CodeIgniter\CodeIgniter->runController(Object(App\Controllers\DataBarang))
 5 SYSTEMPATH\CodeIgniter.php(349): CodeIgniter\CodeIgniter->handleRequest(null, Object(Config\Cache), false)
 6 FCPATH\index.php(55): CodeIgniter\CodeIgniter->run()
 7 SYSTEMPATH\Commands\Server\rewrite.php(43): require_once('FCPATH\\index.php')
ERROR - 2022-07-05 11:01:44 --> Unknown column 'data_barang.jenis' in 'on clause'
CRITICAL - 2022-07-05 11:01:44 --> Unknown column 'data_barang.jenis' in 'on clause'
in SYSTEMPATH\Database\MySQLi\Connection.php on line 292.
 1 SYSTEMPATH\Database\MySQLi\Connection.php(292): mysqli->query('SELECT *
FROM `data_barang`
JOIN `jenis_barang` ON `data_barang`.`jenis`=`jenis_barang`.`id`
JOIN `satuan` ON `data_barang`.`satuan`=`satuan`.`id`', 0)
 2 SYSTEMPATH\Database\BaseConnection.php(695): CodeIgniter\Database\MySQLi\Connection->execute('SELECT *
FROM `data_barang`
JOIN `jenis_barang` ON `data_barang`.`jenis`=`jenis_barang`.`id`
JOIN `satuan` ON `data_barang`.`satuan`=`satuan`.`id`')
 3 SYSTEMPATH\Database\BaseConnection.php(609): CodeIgniter\Database\BaseConnection->simpleQuery('SELECT *
FROM `data_barang`
JOIN `jenis_barang` ON `data_barang`.`jenis`=`jenis_barang`.`id`
JOIN `satuan` ON `data_barang`.`satuan`=`satuan`.`id`')
 4 SYSTEMPATH\Database\BaseBuilder.php(1585): CodeIgniter\Database\BaseConnection->query('SELECT *
FROM `data_barang`
JOIN `jenis_barang` ON `data_barang`.`jenis`=`jenis_barang`.`id`
JOIN `satuan` ON `data_barang`.`satuan`=`satuan`.`id`', [], false)
 5 APPPATH\Models\DatabarangModel.php(39): CodeIgniter\Database\BaseBuilder->get()
 6 APPPATH\Controllers\DataBarang.php(28): App\Models\DatabarangModel->getBarang()
 7 SYSTEMPATH\CodeIgniter.php(896): App\Controllers\DataBarang->index()
 8 SYSTEMPATH\CodeIgniter.php(466): CodeIgniter\CodeIgniter->runController(Object(App\Controllers\DataBarang))
 9 SYSTEMPATH\CodeIgniter.php(349): CodeIgniter\CodeIgniter->handleRequest(null, Object(Config\Cache), false)
10 FCPATH\index.php(55): CodeIgniter\CodeIgniter->run()
11 SYSTEMPATH\Commands\Server\rewrite.php(43): require_once('FCPATH\\index.php')
CRITICAL - 2022-07-05 11:01:56 --> Illegal string offset 'kode_barang'
in APPPATH\Views\databarang\index.php on line 80.
 1 APPPATH\Views\databarang\index.php(80): CodeIgniter\Debug\Exceptions->errorHandler(2, 'Illegal string offset \'kode_barang\'', 'APPPATH\\Views\\databarang\\index.php', 80, [...])
 2 SYSTEMPATH\View\View.php(213): include('APPPATH\\Views\\databarang\\index.php')
 3 SYSTEMPATH\View\View.php(216): CodeIgniter\View\View->CodeIgniter\View\{closure}()
 4 SYSTEMPATH\Common.php(1135): CodeIgniter\View\View->render('databarang/index', [], true)
 5 APPPATH\Controllers\DataBarang.php(30): view('databarang/index', [...])
 6 SYSTEMPATH\CodeIgniter.php(896): App\Controllers\DataBarang->index()
 7 SYSTEMPATH\CodeIgniter.php(466): CodeIgniter\CodeIgniter->runController(Object(App\Controllers\DataBarang))
 8 SYSTEMPATH\CodeIgniter.php(349): CodeIgniter\CodeIgniter->handleRequest(null, Object(Config\Cache), false)
 9 FCPATH\index.php(55): CodeIgniter\CodeIgniter->run()
10 SYSTEMPATH\Commands\Server\rewrite.php(43): require_once('FCPATH\\index.php')
CRITICAL - 2022-07-05 11:02:35 --> Illegal string offset 'kode_barang'
in APPPATH\Views\databarang\index.php on line 80.
 1 APPPATH\Views\databarang\index.php(80): CodeIgniter\Debug\Exceptions->errorHandler(2, 'Illegal string offset \'kode_barang\'', 'APPPATH\\Views\\databarang\\index.php', 80, [...])
 2 SYSTEMPATH\View\View.php(213): include('APPPATH\\Views\\databarang\\index.php')
 3 SYSTEMPATH\View\View.php(216): CodeIgniter\View\View->CodeIgniter\View\{closure}()
 4 SYSTEMPATH\Common.php(1135): CodeIgniter\View\View->render('databarang/index', [], true)
 5 APPPATH\Controllers\DataBarang.php(30): view('databarang/index', [...])
 6 SYSTEMPATH\CodeIgniter.php(896): App\Controllers\DataBarang->index()
 7 SYSTEMPATH\CodeIgniter.php(466): CodeIgniter\CodeIgniter->runController(Object(App\Controllers\DataBarang))
 8 SYSTEMPATH\CodeIgniter.php(349): CodeIgniter\CodeIgniter->handleRequest(null, Object(Config\Cache), false)
 9 FCPATH\index.php(55): CodeIgniter\CodeIgniter->run()
10 SYSTEMPATH\Commands\Server\rewrite.php(43): require_once('FCPATH\\index.php')
CRITICAL - 2022-07-05 11:03:32 --> Illegal string offset 'kode_barang'
in APPPATH\Views\databarang\index.php on line 80.
 1 APPPATH\Views\databarang\index.php(80): CodeIgniter\Debug\Exceptions->errorHandler(2, 'Illegal string offset \'kode_barang\'', 'APPPATH\\Views\\databarang\\index.php', 80, [...])
 2 SYSTEMPATH\View\View.php(213): include('APPPATH\\Views\\databarang\\index.php')
 3 SYSTEMPATH\View\View.php(216): CodeIgniter\View\View->CodeIgniter\View\{closure}()
 4 SYSTEMPATH\Common.php(1135): CodeIgniter\View\View->render('databarang/index', [], true)
 5 APPPATH\Controllers\DataBarang.php(30): view('databarang/index', [...])
 6 SYSTEMPATH\CodeIgniter.php(896): App\Controllers\DataBarang->index()
 7 SYSTEMPATH\CodeIgniter.php(466): CodeIgniter\CodeIgniter->runController(Object(App\Controllers\DataBarang))
 8 SYSTEMPATH\CodeIgniter.php(349): CodeIgniter\CodeIgniter->handleRequest(null, Object(Config\Cache), false)
 9 FCPATH\index.php(55): CodeIgniter\CodeIgniter->run()
10 SYSTEMPATH\Commands\Server\rewrite.php(43): require_once('FCPATH\\index.php')
CRITICAL - 2022-07-05 11:03:41 --> Illegal string offset 'kode_barang'
in APPPATH\Views\databarang\index.php on line 80.
 1 APPPATH\Views\databarang\index.php(80): CodeIgniter\Debug\Exceptions->errorHandler(2, 'Illegal string offset \'kode_barang\'', 'APPPATH\\Views\\databarang\\index.php', 80, [...])
 2 SYSTEMPATH\View\View.php(213): include('APPPATH\\Views\\databarang\\index.php')
 3 SYSTEMPATH\View\View.php(216): CodeIgniter\View\View->CodeIgniter\View\{closure}()
 4 SYSTEMPATH\Common.php(1135): CodeIgniter\View\View->render('databarang/index', [], true)
 5 APPPATH\Controllers\DataBarang.php(30): view('databarang/index', [...])
 6 SYSTEMPATH\CodeIgniter.php(896): App\Controllers\DataBarang->index()
 7 SYSTEMPATH\CodeIgniter.php(466): CodeIgniter\CodeIgniter->runController(Object(App\Controllers\DataBarang))
 8 SYSTEMPATH\CodeIgniter.php(349): CodeIgniter\CodeIgniter->handleRequest(null, Object(Config\Cache), false)
 9 FCPATH\index.php(55): CodeIgniter\CodeIgniter->run()
10 SYSTEMPATH\Commands\Server\rewrite.php(43): require_once('FCPATH\\index.php')
CRITICAL - 2022-07-05 11:03:52 --> Illegal string offset 'kode_barang'
in APPPATH\Views\databarang\index.php on line 80.
 1 APPPATH\Views\databarang\index.php(80): CodeIgniter\Debug\Exceptions->errorHandler(2, 'Illegal string offset \'kode_barang\'', 'APPPATH\\Views\\databarang\\index.php', 80, [...])
 2 SYSTEMPATH\View\View.php(213): include('APPPATH\\Views\\databarang\\index.php')
 3 SYSTEMPATH\View\View.php(216): CodeIgniter\View\View->CodeIgniter\View\{closure}()
 4 SYSTEMPATH\Common.php(1135): CodeIgniter\View\View->render('databarang/index', [], true)
 5 APPPATH\Controllers\DataBarang.php(30): view('databarang/index', [...])
 6 SYSTEMPATH\CodeIgniter.php(896): App\Controllers\DataBarang->index()
 7 SYSTEMPATH\CodeIgniter.php(466): CodeIgniter\CodeIgniter->runController(Object(App\Controllers\DataBarang))
 8 SYSTEMPATH\CodeIgniter.php(349): CodeIgniter\CodeIgniter->handleRequest(null, Object(Config\Cache), false)
 9 FCPATH\index.php(55): CodeIgniter\CodeIgniter->run()
10 SYSTEMPATH\Commands\Server\rewrite.php(43): require_once('FCPATH\\index.php')
CRITICAL - 2022-07-05 11:04:03 --> Illegal string offset 'kode_barang'
in APPPATH\Views\databarang\index.php on line 80.
 1 APPPATH\Views\databarang\index.php(80): CodeIgniter\Debug\Exceptions->errorHandler(2, 'Illegal string offset \'kode_barang\'', 'APPPATH\\Views\\databarang\\index.php', 80, [...])
 2 SYSTEMPATH\View\View.php(213): include('APPPATH\\Views\\databarang\\index.php')
 3 SYSTEMPATH\View\View.php(216): CodeIgniter\View\View->CodeIgniter\View\{closure}()
 4 SYSTEMPATH\Common.php(1135): CodeIgniter\View\View->render('databarang/index', [], true)
 5 APPPATH\Controllers\DataBarang.php(30): view('databarang/index', [...])
 6 SYSTEMPATH\CodeIgniter.php(896): App\Controllers\DataBarang->index()
 7 SYSTEMPATH\CodeIgniter.php(466): CodeIgniter\CodeIgniter->runController(Object(App\Controllers\DataBarang))
 8 SYSTEMPATH\CodeIgniter.php(349): CodeIgniter\CodeIgniter->handleRequest(null, Object(Config\Cache), false)
 9 FCPATH\index.php(55): CodeIgniter\CodeIgniter->run()
10 SYSTEMPATH\Commands\Server\rewrite.php(43): require_once('FCPATH\\index.php')
CRITICAL - 2022-07-05 11:04:10 --> Illegal string offset 'kode_barang'
in APPPATH\Views\databarang\index.php on line 80.
 1 APPPATH\Views\databarang\index.php(80): CodeIgniter\Debug\Exceptions->errorHandler(2, 'Illegal string offset \'kode_barang\'', 'APPPATH\\Views\\databarang\\index.php', 80, [...])
 2 SYSTEMPATH\View\View.php(213): include('APPPATH\\Views\\databarang\\index.php')
 3 SYSTEMPATH\View\View.php(216): CodeIgniter\View\View->CodeIgniter\View\{closure}()
 4 SYSTEMPATH\Common.php(1135): CodeIgniter\View\View->render('databarang/index', [], true)
 5 APPPATH\Controllers\DataBarang.php(30): view('databarang/index', [...])
 6 SYSTEMPATH\CodeIgniter.php(896): App\Controllers\DataBarang->index()
 7 SYSTEMPATH\CodeIgniter.php(466): CodeIgniter\CodeIgniter->runController(Object(App\Controllers\DataBarang))
 8 SYSTEMPATH\CodeIgniter.php(349): CodeIgniter\CodeIgniter->handleRequest(null, Object(Config\Cache), false)
 9 FCPATH\index.php(55): CodeIgniter\CodeIgniter->run()
10 SYSTEMPATH\Commands\Server\rewrite.php(43): require_once('FCPATH\\index.php')
CRITICAL - 2022-07-05 11:04:22 --> Illegal string offset 'kode_barang'
in APPPATH\Views\databarang\index.php on line 80.
 1 APPPATH\Views\databarang\index.php(80): CodeIgniter\Debug\Exceptions->errorHandler(2, 'Illegal string offset \'kode_barang\'', 'APPPATH\\Views\\databarang\\index.php', 80, [...])
 2 SYSTEMPATH\View\View.php(213): include('APPPATH\\Views\\databarang\\index.php')
 3 SYSTEMPATH\View\View.php(216): CodeIgniter\View\View->CodeIgniter\View\{closure}()
 4 SYSTEMPATH\Common.php(1135): CodeIgniter\View\View->render('databarang/index', [], true)
 5 APPPATH\Controllers\DataBarang.php(30): view('databarang/index', [...])
 6 SYSTEMPATH\CodeIgniter.php(896): App\Controllers\DataBarang->index()
 7 SYSTEMPATH\CodeIgniter.php(466): CodeIgniter\CodeIgniter->runController(Object(App\Controllers\DataBarang))
 8 SYSTEMPATH\CodeIgniter.php(349): CodeIgniter\CodeIgniter->handleRequest(null, Object(Config\Cache), false)
 9 FCPATH\index.php(55): CodeIgniter\CodeIgniter->run()
10 SYSTEMPATH\Commands\Server\rewrite.php(43): require_once('FCPATH\\index.php')
CRITICAL - 2022-07-05 11:04:46 --> Illegal string offset 'kode_barang'
in APPPATH\Views\databarang\index.php on line 80.
 1 APPPATH\Views\databarang\index.php(80): CodeIgniter\Debug\Exceptions->errorHandler(2, 'Illegal string offset \'kode_barang\'', 'APPPATH\\Views\\databarang\\index.php', 80, [...])
 2 SYSTEMPATH\View\View.php(213): include('APPPATH\\Views\\databarang\\index.php')
 3 SYSTEMPATH\View\View.php(216): CodeIgniter\View\View->CodeIgniter\View\{closure}()
 4 SYSTEMPATH\Common.php(1135): CodeIgniter\View\View->render('databarang/index', [], true)
 5 APPPATH\Controllers\DataBarang.php(30): view('databarang/index', [...])
 6 SYSTEMPATH\CodeIgniter.php(896): App\Controllers\DataBarang->index()
 7 SYSTEMPATH\CodeIgniter.php(466): CodeIgniter\CodeIgniter->runController(Object(App\Controllers\DataBarang))
 8 SYSTEMPATH\CodeIgniter.php(349): CodeIgniter\CodeIgniter->handleRequest(null, Object(Config\Cache), false)
 9 FCPATH\index.php(55): CodeIgniter\CodeIgniter->run()
10 SYSTEMPATH\Commands\Server\rewrite.php(43): require_once('FCPATH\\index.php')
CRITICAL - 2022-07-05 11:05:00 --> Illegal string offset 'nama_barang'
in APPPATH\Views\databarang\index.php on line 81.
 1 APPPATH\Views\databarang\index.php(81): CodeIgniter\Debug\Exceptions->errorHandler(2, 'Illegal string offset \'nama_barang\'', 'APPPATH\\Views\\databarang\\index.php', 81, [...])
 2 SYSTEMPATH\View\View.php(213): include('APPPATH\\Views\\databarang\\index.php')
 3 SYSTEMPATH\View\View.php(216): CodeIgniter\View\View->CodeIgniter\View\{closure}()
 4 SYSTEMPATH\Common.php(1135): CodeIgniter\View\View->render('databarang/index', [], true)
 5 APPPATH\Controllers\DataBarang.php(30): view('databarang/index', [...])
 6 SYSTEMPATH\CodeIgniter.php(896): App\Controllers\DataBarang->index()
 7 SYSTEMPATH\CodeIgniter.php(466): CodeIgniter\CodeIgniter->runController(Object(App\Controllers\DataBarang))
 8 SYSTEMPATH\CodeIgniter.php(349): CodeIgniter\CodeIgniter->handleRequest(null, Object(Config\Cache), false)
 9 FCPATH\index.php(55): CodeIgniter\CodeIgniter->run()
10 SYSTEMPATH\Commands\Server\rewrite.php(43): require_once('FCPATH\\index.php')
CRITICAL - 2022-07-05 11:05:08 --> Illegal string offset 'kode_barang'
in APPPATH\Views\databarang\index.php on line 80.
 1 APPPATH\Views\databarang\index.php(80): CodeIgniter\Debug\Exceptions->errorHandler(2, 'Illegal string offset \'kode_barang\'', 'APPPATH\\Views\\databarang\\index.php', 80, [...])
 2 SYSTEMPATH\View\View.php(213): include('APPPATH\\Views\\databarang\\index.php')
 3 SYSTEMPATH\View\View.php(216): CodeIgniter\View\View->CodeIgniter\View\{closure}()
 4 SYSTEMPATH\Common.php(1135): CodeIgniter\View\View->render('databarang/index', [], true)
 5 APPPATH\Controllers\DataBarang.php(30): view('databarang/index', [...])
 6 SYSTEMPATH\CodeIgniter.php(896): App\Controllers\DataBarang->index()
 7 SYSTEMPATH\CodeIgniter.php(466): CodeIgniter\CodeIgniter->runController(Object(App\Controllers\DataBarang))
 8 SYSTEMPATH\CodeIgniter.php(349): CodeIgniter\CodeIgniter->handleRequest(null, Object(Config\Cache), false)
 9 FCPATH\index.php(55): CodeIgniter\CodeIgniter->run()
10 SYSTEMPATH\Commands\Server\rewrite.php(43): require_once('FCPATH\\index.php')
CRITICAL - 2022-07-05 11:05:46 --> Undefined index: kode_barang
in APPPATH\Views\databarang\index.php on line 80.
 1 APPPATH\Views\databarang\index.php(80): CodeIgniter\Debug\Exceptions->errorHandler(8, 'Undefined index: kode_barang', 'APPPATH\\Views\\databarang\\index.php', 80, [...])
 2 SYSTEMPATH\View\View.php(213): include('APPPATH\\Views\\databarang\\index.php')
 3 SYSTEMPATH\View\View.php(216): CodeIgniter\View\View->CodeIgniter\View\{closure}()
 4 SYSTEMPATH\Common.php(1135): CodeIgniter\View\View->render('databarang/index', [], true)
 5 APPPATH\Controllers\DataBarang.php(30): view('databarang/index', [...])
 6 SYSTEMPATH\CodeIgniter.php(896): App\Controllers\DataBarang->index()
 7 SYSTEMPATH\CodeIgniter.php(466): CodeIgniter\CodeIgniter->runController(Object(App\Controllers\DataBarang))
 8 SYSTEMPATH\CodeIgniter.php(349): CodeIgniter\CodeIgniter->handleRequest(null, Object(Config\Cache), false)
 9 FCPATH\index.php(55): CodeIgniter\CodeIgniter->run()
10 SYSTEMPATH\Commands\Server\rewrite.php(43): require_once('FCPATH\\index.php')
CRITICAL - 2022-07-05 11:05:48 --> Undefined index: kode_barang
in APPPATH\Views\databarang\index.php on line 80.
 1 APPPATH\Views\databarang\index.php(80): CodeIgniter\Debug\Exceptions->errorHandler(8, 'Undefined index: kode_barang', 'APPPATH\\Views\\databarang\\index.php', 80, [...])
 2 SYSTEMPATH\View\View.php(213): include('APPPATH\\Views\\databarang\\index.php')
 3 SYSTEMPATH\View\View.php(216): CodeIgniter\View\View->CodeIgniter\View\{closure}()
 4 SYSTEMPATH\Common.php(1135): CodeIgniter\View\View->render('databarang/index', [], true)
 5 APPPATH\Controllers\DataBarang.php(30): view('databarang/index', [...])
 6 SYSTEMPATH\CodeIgniter.php(896): App\Controllers\DataBarang->index()
 7 SYSTEMPATH\CodeIgniter.php(466): CodeIgniter\CodeIgniter->runController(Object(App\Controllers\DataBarang))
 8 SYSTEMPATH\CodeIgniter.php(349): CodeIgniter\CodeIgniter->handleRequest(null, Object(Config\Cache), false)
 9 FCPATH\index.php(55): CodeIgniter\CodeIgniter->run()
10 SYSTEMPATH\Commands\Server\rewrite.php(43): require_once('FCPATH\\index.php')
