ERROR - 2022-07-04 03:57:10 --> Error connecting to the database: Access denied for user ''@'localhost' (using password: NO)
CRITICAL - 2022-07-04 03:57:10 --> Unable to connect to the database.
Main connection [MySQLi]: Access denied for user ''@'localhost' (using password: NO)
in SYSTEMPATH\Database\BaseConnection.php on line 416.
 1 SYSTEMPATH\Database\BaseConnection.php(586): CodeIgniter\Database\BaseConnection->initialize()
 2 SYSTEMPATH\Database\BaseBuilder.php(1585): CodeIgniter\Database\BaseConnection->query('SELECT *
FROM `satuan`', [], false)
 3 SYSTEMPATH\Model.php(222): CodeIgniter\Database\BaseBuilder->get()
 4 SYSTEMPATH\BaseModel.php(584): CodeIgniter\Model->doFindAll(0, 0)
 5 APPPATH\Controllers\Satuan.php(20): CodeIgniter\BaseModel->findAll()
 6 SYSTEMPATH\CodeIgniter.php(896): App\Controllers\Satuan->index()
 7 SYSTEMPATH\CodeIgniter.php(466): CodeIgniter\CodeIgniter->runController(Object(App\Controllers\Satuan))
 8 SYSTEMPATH\CodeIgniter.php(349): CodeIgniter\CodeIgniter->handleRequest(null, Object(Config\Cache), false)
 9 FCPATH\index.php(55): CodeIgniter\CodeIgniter->run()
10 SYSTEMPATH\Commands\Server\rewrite.php(43): require_once('FCPATH\\index.php')
CRITICAL - 2022-07-04 04:15:59 --> Undefined variable: title
in APPPATH\Views\layouts\index.php on line 7.
 1 APPPATH\Views\layouts\index.php(7): CodeIgniter\Debug\Exceptions->errorHandler(8, 'Undefined variable: title', 'APPPATH\\Views\\layouts\\index.php', 7, [])
 2 SYSTEMPATH\View\View.php(213): include('APPPATH\\Views\\layouts\\index.php')
 3 SYSTEMPATH\View\View.php(216): CodeIgniter\View\View->CodeIgniter\View\{closure}()
 4 SYSTEMPATH\View\View.php(229): CodeIgniter\View\View->render('layouts/index', [], true)
 5 SYSTEMPATH\Common.php(1135): CodeIgniter\View\View->render('welcome_message', [], true)
 6 APPPATH\Controllers\Home.php(9): view('welcome_message')
 7 SYSTEMPATH\CodeIgniter.php(896): App\Controllers\Home->index()
 8 SYSTEMPATH\CodeIgniter.php(466): CodeIgniter\CodeIgniter->runController(Object(App\Controllers\Home))
 9 SYSTEMPATH\CodeIgniter.php(349): CodeIgniter\CodeIgniter->handleRequest(null, Object(Config\Cache), false)
10 FCPATH\index.php(55): CodeIgniter\CodeIgniter->run()
11 SYSTEMPATH\Commands\Server\rewrite.php(43): require_once('FCPATH\\index.php')
CRITICAL - 2022-07-04 04:16:31 --> Undefined variable: title
in APPPATH\Views\layouts\index.php on line 7.
 1 APPPATH\Views\layouts\index.php(7): CodeIgniter\Debug\Exceptions->errorHandler(8, 'Undefined variable: title', 'APPPATH\\Views\\layouts\\index.php', 7, [])
 2 SYSTEMPATH\View\View.php(213): include('APPPATH\\Views\\layouts\\index.php')
 3 SYSTEMPATH\View\View.php(216): CodeIgniter\View\View->CodeIgniter\View\{closure}()
 4 SYSTEMPATH\View\View.php(229): CodeIgniter\View\View->render('layouts/index', [], true)
 5 SYSTEMPATH\Common.php(1135): CodeIgniter\View\View->render('welcome_message', [], true)
 6 APPPATH\Controllers\Home.php(12): view('welcome_message')
 7 SYSTEMPATH\CodeIgniter.php(896): App\Controllers\Home->index()
 8 SYSTEMPATH\CodeIgniter.php(466): CodeIgniter\CodeIgniter->runController(Object(App\Controllers\Home))
 9 SYSTEMPATH\CodeIgniter.php(349): CodeIgniter\CodeIgniter->handleRequest(null, Object(Config\Cache), false)
10 FCPATH\index.php(55): CodeIgniter\CodeIgniter->run()
11 SYSTEMPATH\Commands\Server\rewrite.php(43): require_once('FCPATH\\index.php')
CRITICAL - 2022-07-04 04:16:34 --> Undefined variable: title
in APPPATH\Views\layouts\index.php on line 7.
 1 APPPATH\Views\layouts\index.php(7): CodeIgniter\Debug\Exceptions->errorHandler(8, 'Undefined variable: title', 'APPPATH\\Views\\layouts\\index.php', 7, [])
 2 SYSTEMPATH\View\View.php(213): include('APPPATH\\Views\\layouts\\index.php')
 3 SYSTEMPATH\View\View.php(216): CodeIgniter\View\View->CodeIgniter\View\{closure}()
 4 SYSTEMPATH\View\View.php(229): CodeIgniter\View\View->render('layouts/index', [], true)
 5 SYSTEMPATH\Common.php(1135): CodeIgniter\View\View->render('welcome_message', [], true)
 6 APPPATH\Controllers\Home.php(12): view('welcome_message')
 7 SYSTEMPATH\CodeIgniter.php(896): App\Controllers\Home->index()
 8 SYSTEMPATH\CodeIgniter.php(466): CodeIgniter\CodeIgniter->runController(Object(App\Controllers\Home))
 9 SYSTEMPATH\CodeIgniter.php(349): CodeIgniter\CodeIgniter->handleRequest(null, Object(Config\Cache), false)
10 FCPATH\index.php(55): CodeIgniter\CodeIgniter->run()
11 SYSTEMPATH\Commands\Server\rewrite.php(43): require_once('FCPATH\\index.php')
CRITICAL - 2022-07-04 07:23:53 --> Deletes are not allowed unless they contain a "where" or "like" clause.
in SYSTEMPATH\Database\BaseBuilder.php on line 2334.
 1 SYSTEMPATH\Model.php(400): CodeIgniter\Database\BaseBuilder->delete()
 2 SYSTEMPATH\BaseModel.php(963): CodeIgniter\Model->doDelete(null, false)
 3 APPPATH\Controllers\Konfigurasi.php(44): CodeIgniter\BaseModel->delete(null)
 4 SYSTEMPATH\CodeIgniter.php(896): App\Controllers\Konfigurasi->delete_satuan()
 5 SYSTEMPATH\CodeIgniter.php(466): CodeIgniter\CodeIgniter->runController(Object(App\Controllers\Konfigurasi))
 6 SYSTEMPATH\CodeIgniter.php(349): CodeIgniter\CodeIgniter->handleRequest(null, Object(Config\Cache), false)
 7 FCPATH\index.php(55): CodeIgniter\CodeIgniter->run()
 8 SYSTEMPATH\Commands\Server\rewrite.php(43): require_once('FCPATH\\index.php')
CRITICAL - 2022-07-04 07:23:54 --> Deletes are not allowed unless they contain a "where" or "like" clause.
in SYSTEMPATH\Database\BaseBuilder.php on line 2334.
 1 SYSTEMPATH\Model.php(400): CodeIgniter\Database\BaseBuilder->delete()
 2 SYSTEMPATH\BaseModel.php(963): CodeIgniter\Model->doDelete(null, false)
 3 APPPATH\Controllers\Konfigurasi.php(44): CodeIgniter\BaseModel->delete(null)
 4 SYSTEMPATH\CodeIgniter.php(896): App\Controllers\Konfigurasi->delete_satuan()
 5 SYSTEMPATH\CodeIgniter.php(466): CodeIgniter\CodeIgniter->runController(Object(App\Controllers\Konfigurasi))
 6 SYSTEMPATH\CodeIgniter.php(349): CodeIgniter\CodeIgniter->handleRequest(null, Object(Config\Cache), false)
 7 FCPATH\index.php(55): CodeIgniter\CodeIgniter->run()
 8 SYSTEMPATH\Commands\Server\rewrite.php(43): require_once('FCPATH\\index.php')
CRITICAL - 2022-07-04 07:23:58 --> Deletes are not allowed unless they contain a "where" or "like" clause.
in SYSTEMPATH\Database\BaseBuilder.php on line 2334.
 1 SYSTEMPATH\Model.php(400): CodeIgniter\Database\BaseBuilder->delete()
 2 SYSTEMPATH\BaseModel.php(963): CodeIgniter\Model->doDelete(null, false)
 3 APPPATH\Controllers\Konfigurasi.php(44): CodeIgniter\BaseModel->delete(null)
 4 SYSTEMPATH\CodeIgniter.php(896): App\Controllers\Konfigurasi->delete_satuan()
 5 SYSTEMPATH\CodeIgniter.php(466): CodeIgniter\CodeIgniter->runController(Object(App\Controllers\Konfigurasi))
 6 SYSTEMPATH\CodeIgniter.php(349): CodeIgniter\CodeIgniter->handleRequest(null, Object(Config\Cache), false)
 7 FCPATH\index.php(55): CodeIgniter\CodeIgniter->run()
 8 SYSTEMPATH\Commands\Server\rewrite.php(43): require_once('FCPATH\\index.php')
CRITICAL - 2022-07-04 07:23:58 --> Deletes are not allowed unless they contain a "where" or "like" clause.
in SYSTEMPATH\Database\BaseBuilder.php on line 2334.
 1 SYSTEMPATH\Model.php(400): CodeIgniter\Database\BaseBuilder->delete()
 2 SYSTEMPATH\BaseModel.php(963): CodeIgniter\Model->doDelete(null, false)
 3 APPPATH\Controllers\Konfigurasi.php(44): CodeIgniter\BaseModel->delete(null)
 4 SYSTEMPATH\CodeIgniter.php(896): App\Controllers\Konfigurasi->delete_satuan()
 5 SYSTEMPATH\CodeIgniter.php(466): CodeIgniter\CodeIgniter->runController(Object(App\Controllers\Konfigurasi))
 6 SYSTEMPATH\CodeIgniter.php(349): CodeIgniter\CodeIgniter->handleRequest(null, Object(Config\Cache), false)
 7 FCPATH\index.php(55): CodeIgniter\CodeIgniter->run()
 8 SYSTEMPATH\Commands\Server\rewrite.php(43): require_once('FCPATH\\index.php')
CRITICAL - 2022-07-04 07:23:58 --> Deletes are not allowed unless they contain a "where" or "like" clause.
in SYSTEMPATH\Database\BaseBuilder.php on line 2334.
 1 SYSTEMPATH\Model.php(400): CodeIgniter\Database\BaseBuilder->delete()
 2 SYSTEMPATH\BaseModel.php(963): CodeIgniter\Model->doDelete(null, false)
 3 APPPATH\Controllers\Konfigurasi.php(44): CodeIgniter\BaseModel->delete(null)
 4 SYSTEMPATH\CodeIgniter.php(896): App\Controllers\Konfigurasi->delete_satuan()
 5 SYSTEMPATH\CodeIgniter.php(466): CodeIgniter\CodeIgniter->runController(Object(App\Controllers\Konfigurasi))
 6 SYSTEMPATH\CodeIgniter.php(349): CodeIgniter\CodeIgniter->handleRequest(null, Object(Config\Cache), false)
 7 FCPATH\index.php(55): CodeIgniter\CodeIgniter->run()
 8 SYSTEMPATH\Commands\Server\rewrite.php(43): require_once('FCPATH\\index.php')
CRITICAL - 2022-07-04 07:23:58 --> Deletes are not allowed unless they contain a "where" or "like" clause.
in SYSTEMPATH\Database\BaseBuilder.php on line 2334.
 1 SYSTEMPATH\Model.php(400): CodeIgniter\Database\BaseBuilder->delete()
 2 SYSTEMPATH\BaseModel.php(963): CodeIgniter\Model->doDelete(null, false)
 3 APPPATH\Controllers\Konfigurasi.php(44): CodeIgniter\BaseModel->delete(null)
 4 SYSTEMPATH\CodeIgniter.php(896): App\Controllers\Konfigurasi->delete_satuan()
 5 SYSTEMPATH\CodeIgniter.php(466): CodeIgniter\CodeIgniter->runController(Object(App\Controllers\Konfigurasi))
 6 SYSTEMPATH\CodeIgniter.php(349): CodeIgniter\CodeIgniter->handleRequest(null, Object(Config\Cache), false)
 7 FCPATH\index.php(55): CodeIgniter\CodeIgniter->run()
 8 SYSTEMPATH\Commands\Server\rewrite.php(43): require_once('FCPATH\\index.php')
CRITICAL - 2022-07-04 07:23:58 --> Deletes are not allowed unless they contain a "where" or "like" clause.
in SYSTEMPATH\Database\BaseBuilder.php on line 2334.
 1 SYSTEMPATH\Model.php(400): CodeIgniter\Database\BaseBuilder->delete()
 2 SYSTEMPATH\BaseModel.php(963): CodeIgniter\Model->doDelete(null, false)
 3 APPPATH\Controllers\Konfigurasi.php(44): CodeIgniter\BaseModel->delete(null)
 4 SYSTEMPATH\CodeIgniter.php(896): App\Controllers\Konfigurasi->delete_satuan()
 5 SYSTEMPATH\CodeIgniter.php(466): CodeIgniter\CodeIgniter->runController(Object(App\Controllers\Konfigurasi))
 6 SYSTEMPATH\CodeIgniter.php(349): CodeIgniter\CodeIgniter->handleRequest(null, Object(Config\Cache), false)
 7 FCPATH\index.php(55): CodeIgniter\CodeIgniter->run()
 8 SYSTEMPATH\Commands\Server\rewrite.php(43): require_once('FCPATH\\index.php')
CRITICAL - 2022-07-04 07:23:58 --> Deletes are not allowed unless they contain a "where" or "like" clause.
in SYSTEMPATH\Database\BaseBuilder.php on line 2334.
 1 SYSTEMPATH\Model.php(400): CodeIgniter\Database\BaseBuilder->delete()
 2 SYSTEMPATH\BaseModel.php(963): CodeIgniter\Model->doDelete(null, false)
 3 APPPATH\Controllers\Konfigurasi.php(44): CodeIgniter\BaseModel->delete(null)
 4 SYSTEMPATH\CodeIgniter.php(896): App\Controllers\Konfigurasi->delete_satuan()
 5 SYSTEMPATH\CodeIgniter.php(466): CodeIgniter\CodeIgniter->runController(Object(App\Controllers\Konfigurasi))
 6 SYSTEMPATH\CodeIgniter.php(349): CodeIgniter\CodeIgniter->handleRequest(null, Object(Config\Cache), false)
 7 FCPATH\index.php(55): CodeIgniter\CodeIgniter->run()
 8 SYSTEMPATH\Commands\Server\rewrite.php(43): require_once('FCPATH\\index.php')
CRITICAL - 2022-07-04 07:23:59 --> Deletes are not allowed unless they contain a "where" or "like" clause.
in SYSTEMPATH\Database\BaseBuilder.php on line 2334.
 1 SYSTEMPATH\Model.php(400): CodeIgniter\Database\BaseBuilder->delete()
 2 SYSTEMPATH\BaseModel.php(963): CodeIgniter\Model->doDelete(null, false)
 3 APPPATH\Controllers\Konfigurasi.php(44): CodeIgniter\BaseModel->delete(null)
 4 SYSTEMPATH\CodeIgniter.php(896): App\Controllers\Konfigurasi->delete_satuan()
 5 SYSTEMPATH\CodeIgniter.php(466): CodeIgniter\CodeIgniter->runController(Object(App\Controllers\Konfigurasi))
 6 SYSTEMPATH\CodeIgniter.php(349): CodeIgniter\CodeIgniter->handleRequest(null, Object(Config\Cache), false)
 7 FCPATH\index.php(55): CodeIgniter\CodeIgniter->run()
 8 SYSTEMPATH\Commands\Server\rewrite.php(43): require_once('FCPATH\\index.php')
CRITICAL - 2022-07-04 07:23:59 --> Deletes are not allowed unless they contain a "where" or "like" clause.
in SYSTEMPATH\Database\BaseBuilder.php on line 2334.
 1 SYSTEMPATH\Model.php(400): CodeIgniter\Database\BaseBuilder->delete()
 2 SYSTEMPATH\BaseModel.php(963): CodeIgniter\Model->doDelete(null, false)
 3 APPPATH\Controllers\Konfigurasi.php(44): CodeIgniter\BaseModel->delete(null)
 4 SYSTEMPATH\CodeIgniter.php(896): App\Controllers\Konfigurasi->delete_satuan()
 5 SYSTEMPATH\CodeIgniter.php(466): CodeIgniter\CodeIgniter->runController(Object(App\Controllers\Konfigurasi))
 6 SYSTEMPATH\CodeIgniter.php(349): CodeIgniter\CodeIgniter->handleRequest(null, Object(Config\Cache), false)
 7 FCPATH\index.php(55): CodeIgniter\CodeIgniter->run()
 8 SYSTEMPATH\Commands\Server\rewrite.php(43): require_once('FCPATH\\index.php')
CRITICAL - 2022-07-04 07:23:59 --> Deletes are not allowed unless they contain a "where" or "like" clause.
in SYSTEMPATH\Database\BaseBuilder.php on line 2334.
 1 SYSTEMPATH\Model.php(400): CodeIgniter\Database\BaseBuilder->delete()
 2 SYSTEMPATH\BaseModel.php(963): CodeIgniter\Model->doDelete(null, false)
 3 APPPATH\Controllers\Konfigurasi.php(44): CodeIgniter\BaseModel->delete(null)
 4 SYSTEMPATH\CodeIgniter.php(896): App\Controllers\Konfigurasi->delete_satuan()
 5 SYSTEMPATH\CodeIgniter.php(466): CodeIgniter\CodeIgniter->runController(Object(App\Controllers\Konfigurasi))
 6 SYSTEMPATH\CodeIgniter.php(349): CodeIgniter\CodeIgniter->handleRequest(null, Object(Config\Cache), false)
 7 FCPATH\index.php(55): CodeIgniter\CodeIgniter->run()
 8 SYSTEMPATH\Commands\Server\rewrite.php(43): require_once('FCPATH\\index.php')
CRITICAL - 2022-07-04 07:23:59 --> Deletes are not allowed unless they contain a "where" or "like" clause.
in SYSTEMPATH\Database\BaseBuilder.php on line 2334.
 1 SYSTEMPATH\Model.php(400): CodeIgniter\Database\BaseBuilder->delete()
 2 SYSTEMPATH\BaseModel.php(963): CodeIgniter\Model->doDelete(null, false)
 3 APPPATH\Controllers\Konfigurasi.php(44): CodeIgniter\BaseModel->delete(null)
 4 SYSTEMPATH\CodeIgniter.php(896): App\Controllers\Konfigurasi->delete_satuan()
 5 SYSTEMPATH\CodeIgniter.php(466): CodeIgniter\CodeIgniter->runController(Object(App\Controllers\Konfigurasi))
 6 SYSTEMPATH\CodeIgniter.php(349): CodeIgniter\CodeIgniter->handleRequest(null, Object(Config\Cache), false)
 7 FCPATH\index.php(55): CodeIgniter\CodeIgniter->run()
 8 SYSTEMPATH\Commands\Server\rewrite.php(43): require_once('FCPATH\\index.php')
CRITICAL - 2022-07-04 07:23:59 --> Deletes are not allowed unless they contain a "where" or "like" clause.
in SYSTEMPATH\Database\BaseBuilder.php on line 2334.
 1 SYSTEMPATH\Model.php(400): CodeIgniter\Database\BaseBuilder->delete()
 2 SYSTEMPATH\BaseModel.php(963): CodeIgniter\Model->doDelete(null, false)
 3 APPPATH\Controllers\Konfigurasi.php(44): CodeIgniter\BaseModel->delete(null)
 4 SYSTEMPATH\CodeIgniter.php(896): App\Controllers\Konfigurasi->delete_satuan()
 5 SYSTEMPATH\CodeIgniter.php(466): CodeIgniter\CodeIgniter->runController(Object(App\Controllers\Konfigurasi))
 6 SYSTEMPATH\CodeIgniter.php(349): CodeIgniter\CodeIgniter->handleRequest(null, Object(Config\Cache), false)
 7 FCPATH\index.php(55): CodeIgniter\CodeIgniter->run()
 8 SYSTEMPATH\Commands\Server\rewrite.php(43): require_once('FCPATH\\index.php')
CRITICAL - 2022-07-04 07:23:59 --> Deletes are not allowed unless they contain a "where" or "like" clause.
in SYSTEMPATH\Database\BaseBuilder.php on line 2334.
 1 SYSTEMPATH\Model.php(400): CodeIgniter\Database\BaseBuilder->delete()
 2 SYSTEMPATH\BaseModel.php(963): CodeIgniter\Model->doDelete(null, false)
 3 APPPATH\Controllers\Konfigurasi.php(44): CodeIgniter\BaseModel->delete(null)
 4 SYSTEMPATH\CodeIgniter.php(896): App\Controllers\Konfigurasi->delete_satuan()
 5 SYSTEMPATH\CodeIgniter.php(466): CodeIgniter\CodeIgniter->runController(Object(App\Controllers\Konfigurasi))
 6 SYSTEMPATH\CodeIgniter.php(349): CodeIgniter\CodeIgniter->handleRequest(null, Object(Config\Cache), false)
 7 FCPATH\index.php(55): CodeIgniter\CodeIgniter->run()
 8 SYSTEMPATH\Commands\Server\rewrite.php(43): require_once('FCPATH\\index.php')
CRITICAL - 2022-07-04 07:23:59 --> Deletes are not allowed unless they contain a "where" or "like" clause.
in SYSTEMPATH\Database\BaseBuilder.php on line 2334.
 1 SYSTEMPATH\Model.php(400): CodeIgniter\Database\BaseBuilder->delete()
 2 SYSTEMPATH\BaseModel.php(963): CodeIgniter\Model->doDelete(null, false)
 3 APPPATH\Controllers\Konfigurasi.php(44): CodeIgniter\BaseModel->delete(null)
 4 SYSTEMPATH\CodeIgniter.php(896): App\Controllers\Konfigurasi->delete_satuan()
 5 SYSTEMPATH\CodeIgniter.php(466): CodeIgniter\CodeIgniter->runController(Object(App\Controllers\Konfigurasi))
 6 SYSTEMPATH\CodeIgniter.php(349): CodeIgniter\CodeIgniter->handleRequest(null, Object(Config\Cache), false)
 7 FCPATH\index.php(55): CodeIgniter\CodeIgniter->run()
 8 SYSTEMPATH\Commands\Server\rewrite.php(43): require_once('FCPATH\\index.php')
CRITICAL - 2022-07-04 07:23:59 --> Deletes are not allowed unless they contain a "where" or "like" clause.
in SYSTEMPATH\Database\BaseBuilder.php on line 2334.
 1 SYSTEMPATH\Model.php(400): CodeIgniter\Database\BaseBuilder->delete()
 2 SYSTEMPATH\BaseModel.php(963): CodeIgniter\Model->doDelete(null, false)
 3 APPPATH\Controllers\Konfigurasi.php(44): CodeIgniter\BaseModel->delete(null)
 4 SYSTEMPATH\CodeIgniter.php(896): App\Controllers\Konfigurasi->delete_satuan()
 5 SYSTEMPATH\CodeIgniter.php(466): CodeIgniter\CodeIgniter->runController(Object(App\Controllers\Konfigurasi))
 6 SYSTEMPATH\CodeIgniter.php(349): CodeIgniter\CodeIgniter->handleRequest(null, Object(Config\Cache), false)
 7 FCPATH\index.php(55): CodeIgniter\CodeIgniter->run()
 8 SYSTEMPATH\Commands\Server\rewrite.php(43): require_once('FCPATH\\index.php')
CRITICAL - 2022-07-04 08:05:44 --> Undefined variable: title
in APPPATH\Views\konfigurasi\index.php on line 28.
 1 APPPATH\Views\konfigurasi\index.php(28): CodeIgniter\Debug\Exceptions->errorHandler(8, 'Undefined variable: title', 'APPPATH\\Views\\konfigurasi\\index.php', 28, [])
 2 SYSTEMPATH\View\View.php(213): include('APPPATH\\Views\\konfigurasi\\index.php')
 3 SYSTEMPATH\View\View.php(216): CodeIgniter\View\View->CodeIgniter\View\{closure}()
 4 SYSTEMPATH\Common.php(1135): CodeIgniter\View\View->render('konfigurasi/index', [], true)
 5 APPPATH\Controllers\Konfigurasi.php(37): view('konfigurasi/index')
 6 SYSTEMPATH\CodeIgniter.php(896): App\Controllers\Konfigurasi->tambahSatuan()
 7 SYSTEMPATH\CodeIgniter.php(466): CodeIgniter\CodeIgniter->runController(Object(App\Controllers\Konfigurasi))
 8 SYSTEMPATH\CodeIgniter.php(349): CodeIgniter\CodeIgniter->handleRequest(null, Object(Config\Cache), false)
 9 FCPATH\index.php(55): CodeIgniter\CodeIgniter->run()
10 SYSTEMPATH\Commands\Server\rewrite.php(43): require_once('FCPATH\\index.php')
CRITICAL - 2022-07-04 09:57:49 --> syntax error, unexpected '}', expecting ';'
in APPPATH\Controllers\Konfigurasi.php on line 46.
 1 SYSTEMPATH\Autoloader\Autoloader.php(261): CodeIgniter\Autoloader\Autoloader->includeFile('APPPATH\\Controllers\\Konfigurasi.php')
 2 SYSTEMPATH\Autoloader\Autoloader.php(239): CodeIgniter\Autoloader\Autoloader->loadInNamespace('App\\Controllers\\Konfigurasi')
 3 [internal function]: CodeIgniter\Autoloader\Autoloader->loadClass('App\\Controllers\\Konfigurasi')
 4 [internal function]: spl_autoload_call('App\\Controllers\\Konfigurasi')
 5 SYSTEMPATH\CodeIgniter.php(846): class_exists('\\App\\Controllers\\Konfigurasi', true)
 6 SYSTEMPATH\CodeIgniter.php(453): CodeIgniter\CodeIgniter->startController()
 7 SYSTEMPATH\CodeIgniter.php(349): CodeIgniter\CodeIgniter->handleRequest(null, Object(Config\Cache), false)
 8 FCPATH\index.php(55): CodeIgniter\CodeIgniter->run()
 9 SYSTEMPATH\Commands\Server\rewrite.php(43): require_once('FCPATH\\index.php')
CRITICAL - 2022-07-04 09:57:59 --> syntax error, unexpected '}', expecting ';'
in APPPATH\Controllers\Konfigurasi.php on line 46.
 1 SYSTEMPATH\Autoloader\Autoloader.php(261): CodeIgniter\Autoloader\Autoloader->includeFile('APPPATH\\Controllers\\Konfigurasi.php')
 2 SYSTEMPATH\Autoloader\Autoloader.php(239): CodeIgniter\Autoloader\Autoloader->loadInNamespace('App\\Controllers\\Konfigurasi')
 3 [internal function]: CodeIgniter\Autoloader\Autoloader->loadClass('App\\Controllers\\Konfigurasi')
 4 [internal function]: spl_autoload_call('App\\Controllers\\Konfigurasi')
 5 SYSTEMPATH\CodeIgniter.php(846): class_exists('\\App\\Controllers\\Konfigurasi', true)
 6 SYSTEMPATH\CodeIgniter.php(453): CodeIgniter\CodeIgniter->startController()
 7 SYSTEMPATH\CodeIgniter.php(349): CodeIgniter\CodeIgniter->handleRequest(null, Object(Config\Cache), false)
 8 FCPATH\index.php(55): CodeIgniter\CodeIgniter->run()
 9 SYSTEMPATH\Commands\Server\rewrite.php(43): require_once('FCPATH\\index.php')
CRITICAL - 2022-07-04 10:00:05 --> Function name must be a string
in APPPATH\Views\konfigurasi\index.php on line 3.
 1 SYSTEMPATH\View\View.php(213): include()
 2 SYSTEMPATH\View\View.php(216): CodeIgniter\View\View->CodeIgniter\View\{closure}()
 3 SYSTEMPATH\Common.php(1135): CodeIgniter\View\View->render('konfigurasi/index', [], true)
 4 APPPATH\Controllers\Konfigurasi.php(26): view('konfigurasi/index', [...])
 5 SYSTEMPATH\CodeIgniter.php(896): App\Controllers\Konfigurasi->index()
 6 SYSTEMPATH\CodeIgniter.php(466): CodeIgniter\CodeIgniter->runController(Object(App\Controllers\Konfigurasi))
 7 SYSTEMPATH\CodeIgniter.php(349): CodeIgniter\CodeIgniter->handleRequest(null, Object(Config\Cache), false)
 8 FCPATH\index.php(55): CodeIgniter\CodeIgniter->run()
 9 SYSTEMPATH\Commands\Server\rewrite.php(43): require_once('FCPATH\\index.php')
CRITICAL - 2022-07-04 10:02:22 --> Object of class CodeIgniter\Validation\Validation could not be converted to string
in APPPATH\Views\konfigurasi\index.php on line 3.
 1 SYSTEMPATH\View\View.php(213): include()
 2 SYSTEMPATH\View\View.php(216): CodeIgniter\View\View->CodeIgniter\View\{closure}()
 3 SYSTEMPATH\Common.php(1135): CodeIgniter\View\View->render('konfigurasi/index', [], true)
 4 APPPATH\Controllers\Konfigurasi.php(26): view('konfigurasi/index', [...])
 5 SYSTEMPATH\CodeIgniter.php(896): App\Controllers\Konfigurasi->index()
 6 SYSTEMPATH\CodeIgniter.php(466): CodeIgniter\CodeIgniter->runController(Object(App\Controllers\Konfigurasi))
 7 SYSTEMPATH\CodeIgniter.php(349): CodeIgniter\CodeIgniter->handleRequest(null, Object(Config\Cache), false)
 8 FCPATH\index.php(55): CodeIgniter\CodeIgniter->run()
 9 SYSTEMPATH\Commands\Server\rewrite.php(43): require_once('FCPATH\\index.php')
CRITICAL - 2022-07-04 10:02:55 --> Undefined property: CodeIgniter\Validation\Validation::$getError
in APPPATH\Views\konfigurasi\index.php on line 3.
 1 APPPATH\Views\konfigurasi\index.php(3): CodeIgniter\Debug\Exceptions->errorHandler(8, 'Undefined property: CodeIgniter\\Validation\\Validation::$getError', 'APPPATH\\Views\\konfigurasi\\index.php', 3, [...])
 2 SYSTEMPATH\View\View.php(213): include('APPPATH\\Views\\konfigurasi\\index.php')
 3 SYSTEMPATH\View\View.php(216): CodeIgniter\View\View->CodeIgniter\View\{closure}()
 4 SYSTEMPATH\Common.php(1135): CodeIgniter\View\View->render('konfigurasi/index', [], true)
 5 APPPATH\Controllers\Konfigurasi.php(26): view('konfigurasi/index', [...])
 6 SYSTEMPATH\CodeIgniter.php(896): App\Controllers\Konfigurasi->index()
 7 SYSTEMPATH\CodeIgniter.php(466): CodeIgniter\CodeIgniter->runController(Object(App\Controllers\Konfigurasi))
 8 SYSTEMPATH\CodeIgniter.php(349): CodeIgniter\CodeIgniter->handleRequest(null, Object(Config\Cache), false)
 9 FCPATH\index.php(55): CodeIgniter\CodeIgniter->run()
10 SYSTEMPATH\Commands\Server\rewrite.php(43): require_once('FCPATH\\index.php')
CRITICAL - 2022-07-04 10:02:59 --> Undefined property: CodeIgniter\Validation\Validation::$getError
in APPPATH\Views\konfigurasi\index.php on line 3.
 1 APPPATH\Views\konfigurasi\index.php(3): CodeIgniter\Debug\Exceptions->errorHandler(8, 'Undefined property: CodeIgniter\\Validation\\Validation::$getError', 'APPPATH\\Views\\konfigurasi\\index.php', 3, [...])
 2 SYSTEMPATH\View\View.php(213): include('APPPATH\\Views\\konfigurasi\\index.php')
 3 SYSTEMPATH\View\View.php(216): CodeIgniter\View\View->CodeIgniter\View\{closure}()
 4 SYSTEMPATH\Common.php(1135): CodeIgniter\View\View->render('konfigurasi/index', [], true)
 5 APPPATH\Controllers\Konfigurasi.php(26): view('konfigurasi/index', [...])
 6 SYSTEMPATH\CodeIgniter.php(896): App\Controllers\Konfigurasi->index()
 7 SYSTEMPATH\CodeIgniter.php(466): CodeIgniter\CodeIgniter->runController(Object(App\Controllers\Konfigurasi))
 8 SYSTEMPATH\CodeIgniter.php(349): CodeIgniter\CodeIgniter->handleRequest(null, Object(Config\Cache), false)
 9 FCPATH\index.php(55): CodeIgniter\CodeIgniter->run()
10 SYSTEMPATH\Commands\Server\rewrite.php(43): require_once('FCPATH\\index.php')
